<?xml version="1.0" encoding="UTF-8"?>
<testsuite xmlns:xsi="http://www.w3.org/2001/XMLSchema-instance" xsi:noNamespaceSchemaLocation="https://maven.apache.org/surefire/maven-surefire-plugin/xsd/surefire-test-report.xsd" name="com.example.hotel.ControllerTest.adminTest.AdminControllerTest" time="8.65" tests="1" errors="0" skipped="0" failures="1">
  <properties>
    <property name="sun.desktop" value="windows"/>
    <property name="awt.toolkit" value="sun.awt.windows.WToolkit"/>
    <property name="file.encoding.pkg" value="sun.io"/>
    <property name="java.specification.version" value="1.8"/>
    <property name="sun.cpu.isalist" value="amd64"/>
    <property name="sun.jnu.encoding" value="GBK"/>
    <property name="java.class.path" value="C:\Users\xgs\IdeaProjects\hotel_manage_system\target\test-classes;C:\Users\xgs\IdeaProjects\hotel_manage_system\target\classes;D:\maven\MyRepository\org\mockito\mockito-core\2.23.4\mockito-core-2.23.4.jar;D:\maven\MyRepository\net\bytebuddy\byte-buddy\1.9.10\byte-buddy-1.9.10.jar;D:\maven\MyRepository\net\bytebuddy\byte-buddy-agent\1.9.10\byte-buddy-agent-1.9.10.jar;D:\maven\MyRepository\org\objenesis\objenesis\2.6\objenesis-2.6.jar;D:\maven\MyRepository\org\springframework\boot\spring-boot-starter\2.1.3.RELEASE\spring-boot-starter-2.1.3.RELEASE.jar;D:\maven\MyRepository\org\springframework\boot\spring-boot\2.1.3.RELEASE\spring-boot-2.1.3.RELEASE.jar;D:\maven\MyRepository\org\springframework\spring-context\5.1.5.RELEASE\spring-context-5.1.5.RELEASE.jar;D:\maven\MyRepository\org\springframework\boot\spring-boot-autoconfigure\2.1.3.RELEASE\spring-boot-autoconfigure-2.1.3.RELEASE.jar;D:\maven\MyRepository\org\springframework\boot\spring-boot-starter-logging\2.1.3.RELEASE\spring-boot-starter-logging-2.1.3.RELEASE.jar;D:\maven\MyRepository\ch\qos\logback\logback-classic\1.2.3\logback-classic-1.2.3.jar;D:\maven\MyRepository\ch\qos\logback\logback-core\1.2.3\logback-core-1.2.3.jar;D:\maven\MyRepository\org\apache\logging\log4j\log4j-to-slf4j\2.11.2\log4j-to-slf4j-2.11.2.jar;D:\maven\MyRepository\org\apache\logging\log4j\log4j-api\2.11.2\log4j-api-2.11.2.jar;D:\maven\MyRepository\org\slf4j\jul-to-slf4j\1.7.25\jul-to-slf4j-1.7.25.jar;D:\maven\MyRepository\javax\annotation\javax.annotation-api\1.3.2\javax.annotation-api-1.3.2.jar;D:\maven\MyRepository\org\springframework\spring-core\5.1.5.RELEASE\spring-core-5.1.5.RELEASE.jar;D:\maven\MyRepository\org\springframework\spring-jcl\5.1.5.RELEASE\spring-jcl-5.1.5.RELEASE.jar;D:\maven\MyRepository\org\yaml\snakeyaml\1.23\snakeyaml-1.23.jar;D:\maven\MyRepository\org\springframework\boot\spring-boot-starter-web\2.1.3.RELEASE\spring-boot-starter-web-2.1.3.RELEASE.jar;D:\maven\MyRepository\org\springframework\boot\spring-boot-starter-json\2.1.3.RELEASE\spring-boot-starter-json-2.1.3.RELEASE.jar;D:\maven\MyRepository\com\fasterxml\jackson\datatype\jackson-datatype-jdk8\2.9.8\jackson-datatype-jdk8-2.9.8.jar;D:\maven\MyRepository\com\fasterxml\jackson\datatype\jackson-datatype-jsr310\2.9.8\jackson-datatype-jsr310-2.9.8.jar;D:\maven\MyRepository\com\fasterxml\jackson\module\jackson-module-parameter-names\2.9.8\jackson-module-parameter-names-2.9.8.jar;D:\maven\MyRepository\org\springframework\boot\spring-boot-starter-tomcat\2.1.3.RELEASE\spring-boot-starter-tomcat-2.1.3.RELEASE.jar;D:\maven\MyRepository\org\apache\tomcat\embed\tomcat-embed-core\9.0.16\tomcat-embed-core-9.0.16.jar;D:\maven\MyRepository\org\apache\tomcat\embed\tomcat-embed-el\9.0.16\tomcat-embed-el-9.0.16.jar;D:\maven\MyRepository\org\apache\tomcat\embed\tomcat-embed-websocket\9.0.16\tomcat-embed-websocket-9.0.16.jar;D:\maven\MyRepository\org\hibernate\validator\hibernate-validator\6.0.14.Final\hibernate-validator-6.0.14.Final.jar;D:\maven\MyRepository\javax\validation\validation-api\2.0.1.Final\validation-api-2.0.1.Final.jar;D:\maven\MyRepository\org\jboss\logging\jboss-logging\3.3.2.Final\jboss-logging-3.3.2.Final.jar;D:\maven\MyRepository\com\fasterxml\classmate\1.4.0\classmate-1.4.0.jar;D:\maven\MyRepository\org\springframework\spring-web\5.1.5.RELEASE\spring-web-5.1.5.RELEASE.jar;D:\maven\MyRepository\org\springframework\spring-beans\5.1.5.RELEASE\spring-beans-5.1.5.RELEASE.jar;D:\maven\MyRepository\org\springframework\spring-webmvc\5.1.5.RELEASE\spring-webmvc-5.1.5.RELEASE.jar;D:\maven\MyRepository\org\springframework\spring-aop\5.1.5.RELEASE\spring-aop-5.1.5.RELEASE.jar;D:\maven\MyRepository\org\springframework\spring-expression\5.1.5.RELEASE\spring-expression-5.1.5.RELEASE.jar;D:\maven\MyRepository\org\springframework\boot\spring-boot-starter-thymeleaf\2.1.3.RELEASE\spring-boot-starter-thymeleaf-2.1.3.RELEASE.jar;D:\maven\MyRepository\org\thymeleaf\thymeleaf-spring5\3.0.11.RELEASE\thymeleaf-spring5-3.0.11.RELEASE.jar;D:\maven\MyRepository\org\thymeleaf\thymeleaf\3.0.11.RELEASE\thymeleaf-3.0.11.RELEASE.jar;D:\maven\MyRepository\org\attoparser\attoparser\2.0.5.RELEASE\attoparser-2.0.5.RELEASE.jar;D:\maven\MyRepository\org\unbescape\unbescape\1.1.6.RELEASE\unbescape-1.1.6.RELEASE.jar;D:\maven\MyRepository\org\slf4j\slf4j-api\1.7.25\slf4j-api-1.7.25.jar;D:\maven\MyRepository\org\thymeleaf\extras\thymeleaf-extras-java8time\3.0.3.RELEASE\thymeleaf-extras-java8time-3.0.3.RELEASE.jar;D:\maven\MyRepository\net\sourceforge\nekohtml\nekohtml\1.9.18\nekohtml-1.9.18.jar;D:\maven\MyRepository\xerces\xercesImpl\2.10.0\xercesImpl-2.10.0.jar;D:\maven\MyRepository\xml-apis\xml-apis\1.4.01\xml-apis-1.4.01.jar;D:\maven\MyRepository\com\aliyun\oss\aliyun-sdk-oss\2.8.3\aliyun-sdk-oss-2.8.3.jar;D:\maven\MyRepository\org\apache\httpcomponents\httpclient\4.5.7\httpclient-4.5.7.jar;D:\maven\MyRepository\org\apache\httpcomponents\httpcore\4.4.11\httpcore-4.4.11.jar;D:\maven\MyRepository\org\jdom\jdom\1.1\jdom-1.1.jar;D:\maven\MyRepository\org\springframework\boot\spring-boot-devtools\2.1.3.RELEASE\spring-boot-devtools-2.1.3.RELEASE.jar;D:\maven\MyRepository\org\springframework\boot\spring-boot-starter-test\2.1.3.RELEASE\spring-boot-starter-test-2.1.3.RELEASE.jar;D:\maven\MyRepository\org\springframework\boot\spring-boot-test\2.1.3.RELEASE\spring-boot-test-2.1.3.RELEASE.jar;D:\maven\MyRepository\org\springframework\boot\spring-boot-test-autoconfigure\2.1.3.RELEASE\spring-boot-test-autoconfigure-2.1.3.RELEASE.jar;D:\maven\MyRepository\com\jayway\jsonpath\json-path\2.4.0\json-path-2.4.0.jar;D:\maven\MyRepository\net\minidev\json-smart\2.3\json-smart-2.3.jar;D:\maven\MyRepository\net\minidev\accessors-smart\1.2\accessors-smart-1.2.jar;D:\maven\MyRepository\org\ow2\asm\asm\5.0.4\asm-5.0.4.jar;D:\maven\MyRepository\junit\junit\4.12\junit-4.12.jar;D:\maven\MyRepository\org\assertj\assertj-core\3.11.1\assertj-core-3.11.1.jar;D:\maven\MyRepository\org\hamcrest\hamcrest-core\1.3\hamcrest-core-1.3.jar;D:\maven\MyRepository\org\hamcrest\hamcrest-library\1.3\hamcrest-library-1.3.jar;D:\maven\MyRepository\org\skyscreamer\jsonassert\1.5.0\jsonassert-1.5.0.jar;D:\maven\MyRepository\com\vaadin\external\google\android-json\0.0.20131108.vaadin1\android-json-0.0.20131108.vaadin1.jar;D:\maven\MyRepository\org\springframework\spring-test\5.1.5.RELEASE\spring-test-5.1.5.RELEASE.jar;D:\maven\MyRepository\org\xmlunit\xmlunit-core\2.6.2\xmlunit-core-2.6.2.jar;D:\maven\MyRepository\org\mybatis\spring\boot\mybatis-spring-boot-starter\2.1.0\mybatis-spring-boot-starter-2.1.0.jar;D:\maven\MyRepository\org\springframework\boot\spring-boot-starter-jdbc\2.1.3.RELEASE\spring-boot-starter-jdbc-2.1.3.RELEASE.jar;D:\maven\MyRepository\com\zaxxer\HikariCP\3.2.0\HikariCP-3.2.0.jar;D:\maven\MyRepository\org\springframework\spring-jdbc\5.1.5.RELEASE\spring-jdbc-5.1.5.RELEASE.jar;D:\maven\MyRepository\org\springframework\spring-tx\5.1.5.RELEASE\spring-tx-5.1.5.RELEASE.jar;D:\maven\MyRepository\org\mybatis\spring\boot\mybatis-spring-boot-autoconfigure\2.1.0\mybatis-spring-boot-autoconfigure-2.1.0.jar;D:\maven\MyRepository\org\mybatis\mybatis\3.5.2\mybatis-3.5.2.jar;D:\maven\MyRepository\org\mybatis\mybatis-spring\2.0.2\mybatis-spring-2.0.2.jar;D:\maven\MyRepository\mysql\mysql-connector-java\8.0.15\mysql-connector-java-8.0.15.jar;D:\maven\MyRepository\commons-fileupload\commons-fileupload\1.3.1\commons-fileupload-1.3.1.jar;D:\maven\MyRepository\commons-io\commons-io\2.4\commons-io-2.4.jar;D:\maven\MyRepository\commons-codec\commons-codec\1.9\commons-codec-1.9.jar;D:\maven\MyRepository\org\projectlombok\lombok\1.16.20\lombok-1.16.20.jar;D:\maven\MyRepository\org\springframework\boot\spring-boot-starter-actuator\2.1.3.RELEASE\spring-boot-starter-actuator-2.1.3.RELEASE.jar;D:\maven\MyRepository\org\springframework\boot\spring-boot-actuator-autoconfigure\2.1.3.RELEASE\spring-boot-actuator-autoconfigure-2.1.3.RELEASE.jar;D:\maven\MyRepository\org\springframework\boot\spring-boot-actuator\2.1.3.RELEASE\spring-boot-actuator-2.1.3.RELEASE.jar;D:\maven\MyRepository\io\micrometer\micrometer-core\1.1.3\micrometer-core-1.1.3.jar;D:\maven\MyRepository\org\hdrhistogram\HdrHistogram\2.1.9\HdrHistogram-2.1.9.jar;D:\maven\MyRepository\org\latencyutils\LatencyUtils\2.0.3\LatencyUtils-2.0.3.jar;D:\maven\MyRepository\com\auth0\java-jwt\3.9.0\java-jwt-3.9.0.jar;D:\maven\MyRepository\com\fasterxml\jackson\core\jackson-databind\2.9.8\jackson-databind-2.9.8.jar;D:\maven\MyRepository\com\fasterxml\jackson\core\jackson-annotations\2.9.0\jackson-annotations-2.9.0.jar;D:\maven\MyRepository\com\fasterxml\jackson\core\jackson-core\2.9.8\jackson-core-2.9.8.jar;D:\maven\MyRepository\com\alibaba\fastjson\1.2.62\fastjson-1.2.62.jar;"/>
    <property name="java.vm.vendor" value="Oracle Corporation"/>
    <property name="sun.arch.data.model" value="64"/>
    <property name="user.variant" value=""/>
    <property name="java.vendor.url" value="http://java.oracle.com/"/>
    <property name="user.timezone" value="Asia/Shanghai"/>
    <property name="java.vm.specification.version" value="1.8"/>
    <property name="os.name" value="Windows 10"/>
    <property name="user.country" value="CN"/>
    <property name="sun.java.launcher" value="SUN_STANDARD"/>
    <property name="sun.boot.library.path" value="C:\Program Files\Java\jdk1.8.0_261\jre\bin"/>
    <property name="sun.java.command" value="C:\Users\xgs\AppData\Local\Temp\surefire3078538698612690751\surefirebooter7644730514651677956.jar C:\Users\xgs\AppData\Local\Temp\surefire3078538698612690751 2021-03-01T21-26-14_736-jvmRun1 surefire3931772600307385945tmp surefire_0724647841823121807tmp"/>
    <property name="surefire.test.class.path" value="C:\Users\xgs\IdeaProjects\hotel_manage_system\target\test-classes;C:\Users\xgs\IdeaProjects\hotel_manage_system\target\classes;D:\maven\MyRepository\org\mockito\mockito-core\2.23.4\mockito-core-2.23.4.jar;D:\maven\MyRepository\net\bytebuddy\byte-buddy\1.9.10\byte-buddy-1.9.10.jar;D:\maven\MyRepository\net\bytebuddy\byte-buddy-agent\1.9.10\byte-buddy-agent-1.9.10.jar;D:\maven\MyRepository\org\objenesis\objenesis\2.6\objenesis-2.6.jar;D:\maven\MyRepository\org\springframework\boot\spring-boot-starter\2.1.3.RELEASE\spring-boot-starter-2.1.3.RELEASE.jar;D:\maven\MyRepository\org\springframework\boot\spring-boot\2.1.3.RELEASE\spring-boot-2.1.3.RELEASE.jar;D:\maven\MyRepository\org\springframework\spring-context\5.1.5.RELEASE\spring-context-5.1.5.RELEASE.jar;D:\maven\MyRepository\org\springframework\boot\spring-boot-autoconfigure\2.1.3.RELEASE\spring-boot-autoconfigure-2.1.3.RELEASE.jar;D:\maven\MyRepository\org\springframework\boot\spring-boot-starter-logging\2.1.3.RELEASE\spring-boot-starter-logging-2.1.3.RELEASE.jar;D:\maven\MyRepository\ch\qos\logback\logback-classic\1.2.3\logback-classic-1.2.3.jar;D:\maven\MyRepository\ch\qos\logback\logback-core\1.2.3\logback-core-1.2.3.jar;D:\maven\MyRepository\org\apache\logging\log4j\log4j-to-slf4j\2.11.2\log4j-to-slf4j-2.11.2.jar;D:\maven\MyRepository\org\apache\logging\log4j\log4j-api\2.11.2\log4j-api-2.11.2.jar;D:\maven\MyRepository\org\slf4j\jul-to-slf4j\1.7.25\jul-to-slf4j-1.7.25.jar;D:\maven\MyRepository\javax\annotation\javax.annotation-api\1.3.2\javax.annotation-api-1.3.2.jar;D:\maven\MyRepository\org\springframework\spring-core\5.1.5.RELEASE\spring-core-5.1.5.RELEASE.jar;D:\maven\MyRepository\org\springframework\spring-jcl\5.1.5.RELEASE\spring-jcl-5.1.5.RELEASE.jar;D:\maven\MyRepository\org\yaml\snakeyaml\1.23\snakeyaml-1.23.jar;D:\maven\MyRepository\org\springframework\boot\spring-boot-starter-web\2.1.3.RELEASE\spring-boot-starter-web-2.1.3.RELEASE.jar;D:\maven\MyRepository\org\springframework\boot\spring-boot-starter-json\2.1.3.RELEASE\spring-boot-starter-json-2.1.3.RELEASE.jar;D:\maven\MyRepository\com\fasterxml\jackson\datatype\jackson-datatype-jdk8\2.9.8\jackson-datatype-jdk8-2.9.8.jar;D:\maven\MyRepository\com\fasterxml\jackson\datatype\jackson-datatype-jsr310\2.9.8\jackson-datatype-jsr310-2.9.8.jar;D:\maven\MyRepository\com\fasterxml\jackson\module\jackson-module-parameter-names\2.9.8\jackson-module-parameter-names-2.9.8.jar;D:\maven\MyRepository\org\springframework\boot\spring-boot-starter-tomcat\2.1.3.RELEASE\spring-boot-starter-tomcat-2.1.3.RELEASE.jar;D:\maven\MyRepository\org\apache\tomcat\embed\tomcat-embed-core\9.0.16\tomcat-embed-core-9.0.16.jar;D:\maven\MyRepository\org\apache\tomcat\embed\tomcat-embed-el\9.0.16\tomcat-embed-el-9.0.16.jar;D:\maven\MyRepository\org\apache\tomcat\embed\tomcat-embed-websocket\9.0.16\tomcat-embed-websocket-9.0.16.jar;D:\maven\MyRepository\org\hibernate\validator\hibernate-validator\6.0.14.Final\hibernate-validator-6.0.14.Final.jar;D:\maven\MyRepository\javax\validation\validation-api\2.0.1.Final\validation-api-2.0.1.Final.jar;D:\maven\MyRepository\org\jboss\logging\jboss-logging\3.3.2.Final\jboss-logging-3.3.2.Final.jar;D:\maven\MyRepository\com\fasterxml\classmate\1.4.0\classmate-1.4.0.jar;D:\maven\MyRepository\org\springframework\spring-web\5.1.5.RELEASE\spring-web-5.1.5.RELEASE.jar;D:\maven\MyRepository\org\springframework\spring-beans\5.1.5.RELEASE\spring-beans-5.1.5.RELEASE.jar;D:\maven\MyRepository\org\springframework\spring-webmvc\5.1.5.RELEASE\spring-webmvc-5.1.5.RELEASE.jar;D:\maven\MyRepository\org\springframework\spring-aop\5.1.5.RELEASE\spring-aop-5.1.5.RELEASE.jar;D:\maven\MyRepository\org\springframework\spring-expression\5.1.5.RELEASE\spring-expression-5.1.5.RELEASE.jar;D:\maven\MyRepository\org\springframework\boot\spring-boot-starter-thymeleaf\2.1.3.RELEASE\spring-boot-starter-thymeleaf-2.1.3.RELEASE.jar;D:\maven\MyRepository\org\thymeleaf\thymeleaf-spring5\3.0.11.RELEASE\thymeleaf-spring5-3.0.11.RELEASE.jar;D:\maven\MyRepository\org\thymeleaf\thymeleaf\3.0.11.RELEASE\thymeleaf-3.0.11.RELEASE.jar;D:\maven\MyRepository\org\attoparser\attoparser\2.0.5.RELEASE\attoparser-2.0.5.RELEASE.jar;D:\maven\MyRepository\org\unbescape\unbescape\1.1.6.RELEASE\unbescape-1.1.6.RELEASE.jar;D:\maven\MyRepository\org\slf4j\slf4j-api\1.7.25\slf4j-api-1.7.25.jar;D:\maven\MyRepository\org\thymeleaf\extras\thymeleaf-extras-java8time\3.0.3.RELEASE\thymeleaf-extras-java8time-3.0.3.RELEASE.jar;D:\maven\MyRepository\net\sourceforge\nekohtml\nekohtml\1.9.18\nekohtml-1.9.18.jar;D:\maven\MyRepository\xerces\xercesImpl\2.10.0\xercesImpl-2.10.0.jar;D:\maven\MyRepository\xml-apis\xml-apis\1.4.01\xml-apis-1.4.01.jar;D:\maven\MyRepository\com\aliyun\oss\aliyun-sdk-oss\2.8.3\aliyun-sdk-oss-2.8.3.jar;D:\maven\MyRepository\org\apache\httpcomponents\httpclient\4.5.7\httpclient-4.5.7.jar;D:\maven\MyRepository\org\apache\httpcomponents\httpcore\4.4.11\httpcore-4.4.11.jar;D:\maven\MyRepository\org\jdom\jdom\1.1\jdom-1.1.jar;D:\maven\MyRepository\org\springframework\boot\spring-boot-devtools\2.1.3.RELEASE\spring-boot-devtools-2.1.3.RELEASE.jar;D:\maven\MyRepository\org\springframework\boot\spring-boot-starter-test\2.1.3.RELEASE\spring-boot-starter-test-2.1.3.RELEASE.jar;D:\maven\MyRepository\org\springframework\boot\spring-boot-test\2.1.3.RELEASE\spring-boot-test-2.1.3.RELEASE.jar;D:\maven\MyRepository\org\springframework\boot\spring-boot-test-autoconfigure\2.1.3.RELEASE\spring-boot-test-autoconfigure-2.1.3.RELEASE.jar;D:\maven\MyRepository\com\jayway\jsonpath\json-path\2.4.0\json-path-2.4.0.jar;D:\maven\MyRepository\net\minidev\json-smart\2.3\json-smart-2.3.jar;D:\maven\MyRepository\net\minidev\accessors-smart\1.2\accessors-smart-1.2.jar;D:\maven\MyRepository\org\ow2\asm\asm\5.0.4\asm-5.0.4.jar;D:\maven\MyRepository\junit\junit\4.12\junit-4.12.jar;D:\maven\MyRepository\org\assertj\assertj-core\3.11.1\assertj-core-3.11.1.jar;D:\maven\MyRepository\org\hamcrest\hamcrest-core\1.3\hamcrest-core-1.3.jar;D:\maven\MyRepository\org\hamcrest\hamcrest-library\1.3\hamcrest-library-1.3.jar;D:\maven\MyRepository\org\skyscreamer\jsonassert\1.5.0\jsonassert-1.5.0.jar;D:\maven\MyRepository\com\vaadin\external\google\android-json\0.0.20131108.vaadin1\android-json-0.0.20131108.vaadin1.jar;D:\maven\MyRepository\org\springframework\spring-test\5.1.5.RELEASE\spring-test-5.1.5.RELEASE.jar;D:\maven\MyRepository\org\xmlunit\xmlunit-core\2.6.2\xmlunit-core-2.6.2.jar;D:\maven\MyRepository\org\mybatis\spring\boot\mybatis-spring-boot-starter\2.1.0\mybatis-spring-boot-starter-2.1.0.jar;D:\maven\MyRepository\org\springframework\boot\spring-boot-starter-jdbc\2.1.3.RELEASE\spring-boot-starter-jdbc-2.1.3.RELEASE.jar;D:\maven\MyRepository\com\zaxxer\HikariCP\3.2.0\HikariCP-3.2.0.jar;D:\maven\MyRepository\org\springframework\spring-jdbc\5.1.5.RELEASE\spring-jdbc-5.1.5.RELEASE.jar;D:\maven\MyRepository\org\springframework\spring-tx\5.1.5.RELEASE\spring-tx-5.1.5.RELEASE.jar;D:\maven\MyRepository\org\mybatis\spring\boot\mybatis-spring-boot-autoconfigure\2.1.0\mybatis-spring-boot-autoconfigure-2.1.0.jar;D:\maven\MyRepository\org\mybatis\mybatis\3.5.2\mybatis-3.5.2.jar;D:\maven\MyRepository\org\mybatis\mybatis-spring\2.0.2\mybatis-spring-2.0.2.jar;D:\maven\MyRepository\mysql\mysql-connector-java\8.0.15\mysql-connector-java-8.0.15.jar;D:\maven\MyRepository\commons-fileupload\commons-fileupload\1.3.1\commons-fileupload-1.3.1.jar;D:\maven\MyRepository\commons-io\commons-io\2.4\commons-io-2.4.jar;D:\maven\MyRepository\commons-codec\commons-codec\1.9\commons-codec-1.9.jar;D:\maven\MyRepository\org\projectlombok\lombok\1.16.20\lombok-1.16.20.jar;D:\maven\MyRepository\org\springframework\boot\spring-boot-starter-actuator\2.1.3.RELEASE\spring-boot-starter-actuator-2.1.3.RELEASE.jar;D:\maven\MyRepository\org\springframework\boot\spring-boot-actuator-autoconfigure\2.1.3.RELEASE\spring-boot-actuator-autoconfigure-2.1.3.RELEASE.jar;D:\maven\MyRepository\org\springframework\boot\spring-boot-actuator\2.1.3.RELEASE\spring-boot-actuator-2.1.3.RELEASE.jar;D:\maven\MyRepository\io\micrometer\micrometer-core\1.1.3\micrometer-core-1.1.3.jar;D:\maven\MyRepository\org\hdrhistogram\HdrHistogram\2.1.9\HdrHistogram-2.1.9.jar;D:\maven\MyRepository\org\latencyutils\LatencyUtils\2.0.3\LatencyUtils-2.0.3.jar;D:\maven\MyRepository\com\auth0\java-jwt\3.9.0\java-jwt-3.9.0.jar;D:\maven\MyRepository\com\fasterxml\jackson\core\jackson-databind\2.9.8\jackson-databind-2.9.8.jar;D:\maven\MyRepository\com\fasterxml\jackson\core\jackson-annotations\2.9.0\jackson-annotations-2.9.0.jar;D:\maven\MyRepository\com\fasterxml\jackson\core\jackson-core\2.9.8\jackson-core-2.9.8.jar;D:\maven\MyRepository\com\alibaba\fastjson\1.2.62\fastjson-1.2.62.jar;"/>
    <property name="sun.cpu.endian" value="little"/>
    <property name="user.home" value="C:\Users\xgs"/>
    <property name="user.language" value="zh"/>
    <property name="java.specification.vendor" value="Oracle Corporation"/>
    <property name="java.home" value="C:\Program Files\Java\jdk1.8.0_261\jre"/>
    <property name="basedir" value="C:\Users\xgs\IdeaProjects\hotel_manage_system"/>
    <property name="file.separator" value="\"/>
    <property name="line.separator" value="&#10;"/>
    <property name="java.vm.specification.vendor" value="Oracle Corporation"/>
    <property name="java.specification.name" value="Java Platform API Specification"/>
    <property name="java.awt.graphicsenv" value="sun.awt.Win32GraphicsEnvironment"/>
    <property name="surefire.real.class.path" value="C:\Users\xgs\AppData\Local\Temp\surefire3078538698612690751\surefirebooter7644730514651677956.jar"/>
    <property name="sun.boot.class.path" value="C:\Program Files\Java\jdk1.8.0_261\jre\lib\resources.jar;C:\Program Files\Java\jdk1.8.0_261\jre\lib\rt.jar;C:\Program Files\Java\jdk1.8.0_261\jre\lib\sunrsasign.jar;C:\Program Files\Java\jdk1.8.0_261\jre\lib\jsse.jar;C:\Program Files\Java\jdk1.8.0_261\jre\lib\jce.jar;C:\Program Files\Java\jdk1.8.0_261\jre\lib\charsets.jar;C:\Program Files\Java\jdk1.8.0_261\jre\lib\jfr.jar;C:\Program Files\Java\jdk1.8.0_261\jre\classes"/>
    <property name="user.script" value=""/>
    <property name="sun.management.compiler" value="HotSpot 64-Bit Tiered Compilers"/>
    <property name="java.runtime.version" value="1.8.0_261-b12"/>
    <property name="user.name" value="xgs"/>
    <property name="path.separator" value=";"/>
    <property name="os.version" value="10.0"/>
    <property name="java.endorsed.dirs" value="C:\Program Files\Java\jdk1.8.0_261\jre\lib\endorsed"/>
    <property name="java.runtime.name" value="Java(TM) SE Runtime Environment"/>
    <property name="file.encoding" value="GBK"/>
    <property name="java.vm.name" value="Java HotSpot(TM) 64-Bit Server VM"/>
    <property name="localRepository" value="D:\maven\MyRepository"/>
    <property name="java.vendor.url.bug" value="http://bugreport.sun.com/bugreport/"/>
    <property name="java.io.tmpdir" value="C:\Users\xgs\AppData\Local\Temp\"/>
    <property name="idea.version" value="2020.2.4"/>
    <property name="java.version" value="1.8.0_261"/>
    <property name="user.dir" value="C:\Users\xgs\IdeaProjects\hotel_manage_system"/>
    <property name="os.arch" value="amd64"/>
    <property name="java.vm.specification.name" value="Java Virtual Machine Specification"/>
    <property name="java.awt.printerjob" value="sun.awt.windows.WPrinterJob"/>
    <property name="sun.os.patch.level" value=""/>
    <property name="java.library.path" value="C:\Program Files\Java\jdk1.8.0_261\jre\bin;C:\WINDOWS\Sun\Java\bin;C:\WINDOWS\system32;C:\WINDOWS;D:\Downloads\VM\bin\;C:\Program Files (x86)\Common Files\Intel\Shared Libraries\redist\intel64\compiler;C:\Program Files (x86)\Common Files\Oracle\Java\javapath;C:\Windows\system32;C:\Windows;C:\Windows\System32\Wbem;C:\Windows\System32\WindowsPowerShell\v1.0\;C:\Windows\System32\OpenSSH\;C:\Program Files (x86)\NVIDIA Corporation\PhysX\Common;C:\Program Files\NVIDIA Corporation\NVIDIA NvDLISR;C:\Program Files\Git\cmd;C:\Program Files\nodejs\;D:\workPrograms\mysql-8.0.20-winx64\bin;C:\WINDOWS\system32;C:\WINDOWS;C:\WINDOWS\System32\Wbem;C:\WINDOWS\System32\WindowsPowerShell\v1.0\;C:\WINDOWS\System32\OpenSSH\;C:\Program Files\ffmpeg-4.2.1-win64-static\bin;C:\Program Files\Java\jdk1.8.0_261\bin;C:\Users\xgs\AppData\Local\Android\Sdk\platform-tools;C:\Program Files (x86)\scala\bin;C:\Program Files (x86)\Tesseract-OCR;D:\maven\apache-maven-3.5.4\bin;C:\Users\xgs\AppData\Local\Programs\Python\Python38\Scripts\;C:\Users\xgs\AppData\Local\Programs\Python\Python38\;C:\Users\xgs\AppData\Local\Microsoft\WindowsApps;;D:\IDEA\IntelliJ IDEA Community Edition 2019.2.1\bin;;C:\Program Files\JetBrains\PyCharm Community Edition 2019.3.3\bin;;C:\Users\xgs\AppData\Roaming\npm;D:\Downloads\Tex\texlive\2020\bin\win32;C:\Program Files\JetBrains\PyCharm 2020.2.3\bin;;C:\Program Files\JetBrains\CLion 2020.2.4\bin;;C:\Program Files\JetBrains\IntelliJ IDEA 2020.2.4\bin;;."/>
    <property name="java.vm.info" value="mixed mode"/>
    <property name="java.vendor" value="Oracle Corporation"/>
    <property name="java.vm.version" value="25.261-b12"/>
    <property name="java.ext.dirs" value="C:\Program Files\Java\jdk1.8.0_261\jre\lib\ext;C:\WINDOWS\Sun\Java\lib\ext"/>
    <property name="sun.io.unicode.encoding" value="UnicodeLittle"/>
    <property name="maven.repo.local" value="D:\maven\MyRepository"/>
    <property name="java.class.version" value="52.0"/>
  </properties>
  <testcase name="addManager" classname="com.example.hotel.ControllerTest.adminTest.AdminControllerTest" time="1.785">
    <failure message="expected:&lt;true&gt; but was:&lt;false&gt;" type="java.lang.AssertionError"><![CDATA[java.lang.AssertionError: expected:<true> but was:<false>
	at com.example.hotel.ControllerTest.adminTest.AdminControllerTest.addManager(AdminControllerTest.java:29)
]]></failure>
    <system-out><![CDATA[21:26:15.931 [main] DEBUG org.springframework.test.context.junit4.SpringJUnit4ClassRunner - SpringJUnit4ClassRunner constructor called with [class com.example.hotel.ControllerTest.adminTest.AdminControllerTest]
21:26:15.941 [main] DEBUG org.springframework.test.context.BootstrapUtils - Instantiating CacheAwareContextLoaderDelegate from class [org.springframework.test.context.cache.DefaultCacheAwareContextLoaderDelegate]
21:26:15.951 [main] DEBUG org.springframework.test.context.BootstrapUtils - Instantiating BootstrapContext using constructor [public org.springframework.test.context.support.DefaultBootstrapContext(java.lang.Class,org.springframework.test.context.CacheAwareContextLoaderDelegate)]
21:26:15.971 [main] DEBUG org.springframework.test.context.BootstrapUtils - Instantiating TestContextBootstrapper for test class [com.example.hotel.ControllerTest.adminTest.AdminControllerTest] from class [org.springframework.boot.test.context.SpringBootTestContextBootstrapper]
21:26:15.986 [main] INFO org.springframework.boot.test.context.SpringBootTestContextBootstrapper - Neither @ContextConfiguration nor @ContextHierarchy found for test class [com.example.hotel.ControllerTest.adminTest.AdminControllerTest], using SpringBootContextLoader
21:26:15.986 [main] DEBUG org.springframework.test.context.support.AbstractContextLoader - Did not detect default resource location for test class [com.example.hotel.ControllerTest.adminTest.AdminControllerTest]: class path resource [com/example/hotel/ControllerTest/adminTest/AdminControllerTest-context.xml] does not exist
21:26:15.986 [main] DEBUG org.springframework.test.context.support.AbstractContextLoader - Did not detect default resource location for test class [com.example.hotel.ControllerTest.adminTest.AdminControllerTest]: class path resource [com/example/hotel/ControllerTest/adminTest/AdminControllerTestContext.groovy] does not exist
21:26:15.991 [main] INFO org.springframework.test.context.support.AbstractContextLoader - Could not detect default resource locations for test class [com.example.hotel.ControllerTest.adminTest.AdminControllerTest]: no resource found for suffixes {-context.xml, Context.groovy}.
21:26:15.991 [main] INFO org.springframework.test.context.support.AnnotationConfigContextLoaderUtils - Could not detect default configuration classes for test class [com.example.hotel.ControllerTest.adminTest.AdminControllerTest]: AdminControllerTest does not declare any static, non-private, non-final, nested classes annotated with @Configuration.
21:26:16.061 [main] DEBUG org.springframework.test.context.support.ActiveProfilesUtils - Could not find an 'annotation declaring class' for annotation type [org.springframework.test.context.ActiveProfiles] and class [com.example.hotel.ControllerTest.adminTest.AdminControllerTest]
21:26:16.141 [main] DEBUG org.springframework.context.annotation.ClassPathScanningCandidateComponentProvider - Identified candidate component class: file [C:\Users\xgs\IdeaProjects\hotel_manage_system\target\classes\com\example\hotel\HotelApplication.class]
21:26:16.151 [main] INFO org.springframework.boot.test.context.SpringBootTestContextBootstrapper - Found @SpringBootConfiguration com.example.hotel.HotelApplication for test class com.example.hotel.ControllerTest.adminTest.AdminControllerTest
21:26:16.241 [main] DEBUG org.springframework.boot.test.context.SpringBootTestContextBootstrapper - @TestExecutionListeners is not present for class [com.example.hotel.ControllerTest.adminTest.AdminControllerTest]: using defaults.
21:26:16.241 [main] INFO org.springframework.boot.test.context.SpringBootTestContextBootstrapper - Loaded default TestExecutionListener class names from location [META-INF/spring.factories]: [org.springframework.boot.test.mock.mockito.MockitoTestExecutionListener, org.springframework.boot.test.mock.mockito.ResetMocksTestExecutionListener, org.springframework.boot.test.autoconfigure.restdocs.RestDocsTestExecutionListener, org.springframework.boot.test.autoconfigure.web.client.MockRestServiceServerResetTestExecutionListener, org.springframework.boot.test.autoconfigure.web.servlet.MockMvcPrintOnlyOnFailureTestExecutionListener, org.springframework.boot.test.autoconfigure.web.servlet.WebDriverTestExecutionListener, org.springframework.test.context.web.ServletTestExecutionListener, org.springframework.test.context.support.DirtiesContextBeforeModesTestExecutionListener, org.springframework.test.context.support.DependencyInjectionTestExecutionListener, org.springframework.test.context.support.DirtiesContextTestExecutionListener, org.springframework.test.context.transaction.TransactionalTestExecutionListener, org.springframework.test.context.jdbc.SqlScriptsTestExecutionListener]
21:26:16.266 [main] INFO org.springframework.boot.test.context.SpringBootTestContextBootstrapper - Using TestExecutionListeners: [org.springframework.test.context.web.ServletTestExecutionListener@47eaca72, org.springframework.test.context.support.DirtiesContextBeforeModesTestExecutionListener@55141def, org.springframework.boot.test.mock.mockito.MockitoTestExecutionListener@55182842, org.springframework.boot.test.autoconfigure.SpringBootDependencyInjectionTestExecutionListener@3270d194, org.springframework.test.context.support.DirtiesContextTestExecutionListener@235834f2, org.springframework.test.context.transaction.TransactionalTestExecutionListener@5656be13, org.springframework.test.context.jdbc.SqlScriptsTestExecutionListener@4218d6a3, org.springframework.boot.test.mock.mockito.ResetMocksTestExecutionListener@76505305, org.springframework.boot.test.autoconfigure.restdocs.RestDocsTestExecutionListener@14cd1699, org.springframework.boot.test.autoconfigure.web.client.MockRestServiceServerResetTestExecutionListener@77888435, org.springframework.boot.test.autoconfigure.web.servlet.MockMvcPrintOnlyOnFailureTestExecutionListener@73a1e9a9, org.springframework.boot.test.autoconfigure.web.servlet.WebDriverTestExecutionListener@71d44a3]
21:26:16.266 [main] DEBUG org.springframework.test.annotation.ProfileValueUtils - Retrieved @ProfileValueSourceConfiguration [null] for test class [com.example.hotel.ControllerTest.adminTest.AdminControllerTest]
21:26:16.266 [main] DEBUG org.springframework.test.annotation.ProfileValueUtils - Retrieved ProfileValueSource type [class org.springframework.test.annotation.SystemProfileValueSource] for class [com.example.hotel.ControllerTest.adminTest.AdminControllerTest]
21:26:16.271 [main] DEBUG org.springframework.test.annotation.ProfileValueUtils - Retrieved @ProfileValueSourceConfiguration [null] for test class [com.example.hotel.ControllerTest.adminTest.AdminControllerTest]
21:26:16.271 [main] DEBUG org.springframework.test.annotation.ProfileValueUtils - Retrieved ProfileValueSource type [class org.springframework.test.annotation.SystemProfileValueSource] for class [com.example.hotel.ControllerTest.adminTest.AdminControllerTest]
21:26:16.271 [main] DEBUG org.springframework.test.annotation.ProfileValueUtils - Retrieved @ProfileValueSourceConfiguration [null] for test class [com.example.hotel.ControllerTest.adminTest.AdminControllerTest]
21:26:16.271 [main] DEBUG org.springframework.test.annotation.ProfileValueUtils - Retrieved ProfileValueSource type [class org.springframework.test.annotation.SystemProfileValueSource] for class [com.example.hotel.ControllerTest.adminTest.AdminControllerTest]
21:26:16.271 [main] DEBUG org.springframework.test.context.support.AbstractDirtiesContextTestExecutionListener - Before test class: context [DefaultTestContext@1d296da testClass = AdminControllerTest, testInstance = [null], testMethod = [null], testException = [null], mergedContextConfiguration = [WebMergedContextConfiguration@7c7a06ec testClass = AdminControllerTest, locations = '{}', classes = '{class com.example.hotel.HotelApplication}', contextInitializerClasses = '[]', activeProfiles = '{}', propertySourceLocations = '{}', propertySourceProperties = '{org.springframework.boot.test.context.SpringBootTestContextBootstrapper=true}', contextCustomizers = set[org.springframework.boot.test.context.filter.ExcludeFilterContextCustomizer@18bf3d14, org.springframework.boot.test.json.DuplicateJsonObjectContextCustomizerFactory$DuplicateJsonObjectContextCustomizer@782663d3, org.springframework.boot.test.mock.mockito.MockitoContextCustomizer@0, org.springframework.boot.test.web.client.TestRestTemplateContextCustomizer@77846d2c, org.springframework.boot.test.autoconfigure.properties.PropertyMappingContextCustomizer@0, org.springframework.boot.test.autoconfigure.web.servlet.WebDriverContextCustomizerFactory$Customizer@6dde5c8c], resourceBasePath = 'src/main/webapp', contextLoader = 'org.springframework.boot.test.context.SpringBootContextLoader', parent = [null]], attributes = map['org.springframework.test.context.web.ServletTestExecutionListener.activateListener' -> true]], class annotated with @DirtiesContext [false] with mode [null].
21:26:16.271 [main] DEBUG org.springframework.test.annotation.ProfileValueUtils - Retrieved @ProfileValueSourceConfiguration [null] for test class [com.example.hotel.ControllerTest.adminTest.AdminControllerTest]
21:26:16.271 [main] DEBUG org.springframework.test.annotation.ProfileValueUtils - Retrieved ProfileValueSource type [class org.springframework.test.annotation.SystemProfileValueSource] for class [com.example.hotel.ControllerTest.adminTest.AdminControllerTest]
21:26:16.301 [main] DEBUG org.springframework.test.context.support.TestPropertySourceUtils - Adding inlined properties to environment: {spring.jmx.enabled=false, org.springframework.boot.test.context.SpringBootTestContextBootstrapper=true, server.port=-1}

  .   ____          _            __ _ _
 /\\ / ___'_ __ _ _(_)_ __  __ _ \ \ \ \
( ( )\___ | '_ | '_| | '_ \/ _` | \ \ \ \
 \\/  ___)| |_)| | | | | || (_| |  ) ) ) )
  '  |____| .__|_| |_|_| |_\__, | / / / /
 =========|_|==============|___/=/_/_/_/
 :: Spring Boot ::        (v2.1.3.RELEASE)

2021-03-01 21:26:16.691  INFO 20092 --- [           main] c.e.h.C.adminTest.AdminControllerTest    : Starting AdminControllerTest on LAPTOP-SBCBPEQO with PID 20092 (started by xgs in C:\Users\xgs\IdeaProjects\hotel_manage_system)
2021-03-01 21:26:16.691  INFO 20092 --- [           main] c.e.h.C.adminTest.AdminControllerTest    : No active profile set, falling back to default profiles: default
2021-03-01 21:26:18.981  INFO 20092 --- [           main] trationDelegate$BeanPostProcessorChecker : Bean 'org.springframework.transaction.annotation.ProxyTransactionManagementConfiguration' of type [org.springframework.transaction.annotation.ProxyTransactionManagementConfiguration$$EnhancerBySpringCGLIB$$ba85943f] is not eligible for getting processed by all BeanPostProcessors (for example: not eligible for auto-proxying)
2021-03-01 21:26:20.804  INFO 20092 --- [           main] o.s.s.concurrent.ThreadPoolTaskExecutor  : Initializing ExecutorService 'applicationTaskExecutor'
2021-03-01 21:26:21.138  WARN 20092 --- [           main] ion$DefaultTemplateResolverConfiguration : Cannot find template location: classpath:/templates/ (please add some templates or check your Thymeleaf configuration)
2021-03-01 21:26:22.297  INFO 20092 --- [           main] o.s.s.c.ThreadPoolTaskScheduler          : Initializing ExecutorService 'taskScheduler'
2021-03-01 21:26:22.431  INFO 20092 --- [           main] o.s.b.a.e.web.EndpointLinksResolver      : Exposing 2 endpoint(s) beneath base path '/actuator'
2021-03-01 21:26:22.549  INFO 20092 --- [           main] c.e.h.C.adminTest.AdminControllerTest    : Started AdminControllerTest in 6.238 seconds (JVM running for 7.256)
2021-03-01 21:26:22.871  INFO 20092 --- [           main] com.zaxxer.hikari.HikariDataSource       : HikariPool-1 - Starting...
2021-03-01 21:26:24.271  INFO 20092 --- [           main] com.zaxxer.hikari.HikariDataSource       : HikariPool-1 - Start completed.

### Error updating database.  Cause: java.sql.SQLIntegrityConstraintViolationException: Duplicate entry '12345@qq.com' for key 'user.email'
### The error may exist in file [C:\Users\xgs\IdeaProjects\hotel_manage_system\target\classes\dataImpl\admin\AdminMapper.xml]
### The error may involve com.example.hotel.data.admin.AdminMapper.addManager-Inline
### The error occurred while setting parameters
### SQL: insert into User(email,password,usertype)         values(?,?,?)
### Cause: java.sql.SQLIntegrityConstraintViolationException: Duplicate entry '12345@qq.com' for key 'user.email'
; Duplicate entry '12345@qq.com' for key 'user.email'; nested exception is java.sql.SQLIntegrityConstraintViolationException: Duplicate entry '12345@qq.com' for key 'user.email'
账号已存在
]]></system-out>
  </testcase>
</testsuite>