<?xml version="1.0" encoding="UTF-8"?>
<testsuite xmlns:xsi="http://www.w3.org/2001/XMLSchema-instance" xsi:noNamespaceSchemaLocation="https://maven.apache.org/surefire/maven-surefire-plugin/xsd/surefire-test-report.xsd" name="com.example.hotel.daoTest.couponTest.CouponMapperTest" time="0.045" tests="2" errors="0" skipped="0" failures="1">
  <properties>
    <property name="sun.desktop" value="windows"/>
    <property name="awt.toolkit" value="sun.awt.windows.WToolkit"/>
    <property name="file.encoding.pkg" value="sun.io"/>
    <property name="java.specification.version" value="1.8"/>
    <property name="sun.cpu.isalist" value="amd64"/>
    <property name="sun.jnu.encoding" value="GBK"/>
    <property name="java.class.path" value="C:\Users\xgs\IdeaProjects\hotel_manage_system\target\test-classes;C:\Users\xgs\IdeaProjects\hotel_manage_system\target\classes;D:\maven\MyRepository\org\mockito\mockito-core\2.23.4\mockito-core-2.23.4.jar;D:\maven\MyRepository\net\bytebuddy\byte-buddy\1.9.10\byte-buddy-1.9.10.jar;D:\maven\MyRepository\net\bytebuddy\byte-buddy-agent\1.9.10\byte-buddy-agent-1.9.10.jar;D:\maven\MyRepository\org\objenesis\objenesis\2.6\objenesis-2.6.jar;D:\maven\MyRepository\org\springframework\boot\spring-boot-starter\2.1.3.RELEASE\spring-boot-starter-2.1.3.RELEASE.jar;D:\maven\MyRepository\org\springframework\boot\spring-boot\2.1.3.RELEASE\spring-boot-2.1.3.RELEASE.jar;D:\maven\MyRepository\org\springframework\spring-context\5.1.5.RELEASE\spring-context-5.1.5.RELEASE.jar;D:\maven\MyRepository\org\springframework\boot\spring-boot-autoconfigure\2.1.3.RELEASE\spring-boot-autoconfigure-2.1.3.RELEASE.jar;D:\maven\MyRepository\org\springframework\boot\spring-boot-starter-logging\2.1.3.RELEASE\spring-boot-starter-logging-2.1.3.RELEASE.jar;D:\maven\MyRepository\ch\qos\logback\logback-classic\1.2.3\logback-classic-1.2.3.jar;D:\maven\MyRepository\ch\qos\logback\logback-core\1.2.3\logback-core-1.2.3.jar;D:\maven\MyRepository\org\apache\logging\log4j\log4j-to-slf4j\2.11.2\log4j-to-slf4j-2.11.2.jar;D:\maven\MyRepository\org\apache\logging\log4j\log4j-api\2.11.2\log4j-api-2.11.2.jar;D:\maven\MyRepository\org\slf4j\jul-to-slf4j\1.7.25\jul-to-slf4j-1.7.25.jar;D:\maven\MyRepository\javax\annotation\javax.annotation-api\1.3.2\javax.annotation-api-1.3.2.jar;D:\maven\MyRepository\org\springframework\spring-core\5.1.5.RELEASE\spring-core-5.1.5.RELEASE.jar;D:\maven\MyRepository\org\springframework\spring-jcl\5.1.5.RELEASE\spring-jcl-5.1.5.RELEASE.jar;D:\maven\MyRepository\org\yaml\snakeyaml\1.23\snakeyaml-1.23.jar;D:\maven\MyRepository\org\springframework\boot\spring-boot-starter-web\2.1.3.RELEASE\spring-boot-starter-web-2.1.3.RELEASE.jar;D:\maven\MyRepository\org\springframework\boot\spring-boot-starter-json\2.1.3.RELEASE\spring-boot-starter-json-2.1.3.RELEASE.jar;D:\maven\MyRepository\com\fasterxml\jackson\datatype\jackson-datatype-jdk8\2.9.8\jackson-datatype-jdk8-2.9.8.jar;D:\maven\MyRepository\com\fasterxml\jackson\datatype\jackson-datatype-jsr310\2.9.8\jackson-datatype-jsr310-2.9.8.jar;D:\maven\MyRepository\com\fasterxml\jackson\module\jackson-module-parameter-names\2.9.8\jackson-module-parameter-names-2.9.8.jar;D:\maven\MyRepository\org\springframework\boot\spring-boot-starter-tomcat\2.1.3.RELEASE\spring-boot-starter-tomcat-2.1.3.RELEASE.jar;D:\maven\MyRepository\org\apache\tomcat\embed\tomcat-embed-core\9.0.16\tomcat-embed-core-9.0.16.jar;D:\maven\MyRepository\org\apache\tomcat\embed\tomcat-embed-el\9.0.16\tomcat-embed-el-9.0.16.jar;D:\maven\MyRepository\org\apache\tomcat\embed\tomcat-embed-websocket\9.0.16\tomcat-embed-websocket-9.0.16.jar;D:\maven\MyRepository\org\hibernate\validator\hibernate-validator\6.0.14.Final\hibernate-validator-6.0.14.Final.jar;D:\maven\MyRepository\javax\validation\validation-api\2.0.1.Final\validation-api-2.0.1.Final.jar;D:\maven\MyRepository\org\jboss\logging\jboss-logging\3.3.2.Final\jboss-logging-3.3.2.Final.jar;D:\maven\MyRepository\com\fasterxml\classmate\1.4.0\classmate-1.4.0.jar;D:\maven\MyRepository\org\springframework\spring-web\5.1.5.RELEASE\spring-web-5.1.5.RELEASE.jar;D:\maven\MyRepository\org\springframework\spring-beans\5.1.5.RELEASE\spring-beans-5.1.5.RELEASE.jar;D:\maven\MyRepository\org\springframework\spring-webmvc\5.1.5.RELEASE\spring-webmvc-5.1.5.RELEASE.jar;D:\maven\MyRepository\org\springframework\spring-aop\5.1.5.RELEASE\spring-aop-5.1.5.RELEASE.jar;D:\maven\MyRepository\org\springframework\spring-expression\5.1.5.RELEASE\spring-expression-5.1.5.RELEASE.jar;D:\maven\MyRepository\org\springframework\boot\spring-boot-starter-thymeleaf\2.1.3.RELEASE\spring-boot-starter-thymeleaf-2.1.3.RELEASE.jar;D:\maven\MyRepository\org\thymeleaf\thymeleaf-spring5\3.0.11.RELEASE\thymeleaf-spring5-3.0.11.RELEASE.jar;D:\maven\MyRepository\org\thymeleaf\thymeleaf\3.0.11.RELEASE\thymeleaf-3.0.11.RELEASE.jar;D:\maven\MyRepository\org\attoparser\attoparser\2.0.5.RELEASE\attoparser-2.0.5.RELEASE.jar;D:\maven\MyRepository\org\unbescape\unbescape\1.1.6.RELEASE\unbescape-1.1.6.RELEASE.jar;D:\maven\MyRepository\org\slf4j\slf4j-api\1.7.25\slf4j-api-1.7.25.jar;D:\maven\MyRepository\org\thymeleaf\extras\thymeleaf-extras-java8time\3.0.3.RELEASE\thymeleaf-extras-java8time-3.0.3.RELEASE.jar;D:\maven\MyRepository\net\sourceforge\nekohtml\nekohtml\1.9.18\nekohtml-1.9.18.jar;D:\maven\MyRepository\xerces\xercesImpl\2.10.0\xercesImpl-2.10.0.jar;D:\maven\MyRepository\xml-apis\xml-apis\1.4.01\xml-apis-1.4.01.jar;D:\maven\MyRepository\com\aliyun\oss\aliyun-sdk-oss\2.8.3\aliyun-sdk-oss-2.8.3.jar;D:\maven\MyRepository\org\apache\httpcomponents\httpclient\4.5.7\httpclient-4.5.7.jar;D:\maven\MyRepository\org\apache\httpcomponents\httpcore\4.4.11\httpcore-4.4.11.jar;D:\maven\MyRepository\org\jdom\jdom\1.1\jdom-1.1.jar;D:\maven\MyRepository\org\springframework\boot\spring-boot-devtools\2.1.3.RELEASE\spring-boot-devtools-2.1.3.RELEASE.jar;D:\maven\MyRepository\org\springframework\boot\spring-boot-starter-test\2.1.3.RELEASE\spring-boot-starter-test-2.1.3.RELEASE.jar;D:\maven\MyRepository\org\springframework\boot\spring-boot-test\2.1.3.RELEASE\spring-boot-test-2.1.3.RELEASE.jar;D:\maven\MyRepository\org\springframework\boot\spring-boot-test-autoconfigure\2.1.3.RELEASE\spring-boot-test-autoconfigure-2.1.3.RELEASE.jar;D:\maven\MyRepository\com\jayway\jsonpath\json-path\2.4.0\json-path-2.4.0.jar;D:\maven\MyRepository\net\minidev\json-smart\2.3\json-smart-2.3.jar;D:\maven\MyRepository\net\minidev\accessors-smart\1.2\accessors-smart-1.2.jar;D:\maven\MyRepository\org\ow2\asm\asm\5.0.4\asm-5.0.4.jar;D:\maven\MyRepository\junit\junit\4.12\junit-4.12.jar;D:\maven\MyRepository\org\assertj\assertj-core\3.11.1\assertj-core-3.11.1.jar;D:\maven\MyRepository\org\hamcrest\hamcrest-core\1.3\hamcrest-core-1.3.jar;D:\maven\MyRepository\org\hamcrest\hamcrest-library\1.3\hamcrest-library-1.3.jar;D:\maven\MyRepository\org\skyscreamer\jsonassert\1.5.0\jsonassert-1.5.0.jar;D:\maven\MyRepository\com\vaadin\external\google\android-json\0.0.20131108.vaadin1\android-json-0.0.20131108.vaadin1.jar;D:\maven\MyRepository\org\springframework\spring-test\5.1.5.RELEASE\spring-test-5.1.5.RELEASE.jar;D:\maven\MyRepository\org\xmlunit\xmlunit-core\2.6.2\xmlunit-core-2.6.2.jar;D:\maven\MyRepository\org\mybatis\spring\boot\mybatis-spring-boot-starter\2.1.0\mybatis-spring-boot-starter-2.1.0.jar;D:\maven\MyRepository\org\springframework\boot\spring-boot-starter-jdbc\2.1.3.RELEASE\spring-boot-starter-jdbc-2.1.3.RELEASE.jar;D:\maven\MyRepository\com\zaxxer\HikariCP\3.2.0\HikariCP-3.2.0.jar;D:\maven\MyRepository\org\springframework\spring-jdbc\5.1.5.RELEASE\spring-jdbc-5.1.5.RELEASE.jar;D:\maven\MyRepository\org\springframework\spring-tx\5.1.5.RELEASE\spring-tx-5.1.5.RELEASE.jar;D:\maven\MyRepository\org\mybatis\spring\boot\mybatis-spring-boot-autoconfigure\2.1.0\mybatis-spring-boot-autoconfigure-2.1.0.jar;D:\maven\MyRepository\org\mybatis\mybatis\3.5.2\mybatis-3.5.2.jar;D:\maven\MyRepository\org\mybatis\mybatis-spring\2.0.2\mybatis-spring-2.0.2.jar;D:\maven\MyRepository\mysql\mysql-connector-java\8.0.15\mysql-connector-java-8.0.15.jar;D:\maven\MyRepository\commons-fileupload\commons-fileupload\1.3.1\commons-fileupload-1.3.1.jar;D:\maven\MyRepository\commons-io\commons-io\2.4\commons-io-2.4.jar;D:\maven\MyRepository\commons-codec\commons-codec\1.9\commons-codec-1.9.jar;D:\maven\MyRepository\org\projectlombok\lombok\1.16.20\lombok-1.16.20.jar;D:\maven\MyRepository\org\springframework\boot\spring-boot-starter-actuator\2.1.3.RELEASE\spring-boot-starter-actuator-2.1.3.RELEASE.jar;D:\maven\MyRepository\org\springframework\boot\spring-boot-actuator-autoconfigure\2.1.3.RELEASE\spring-boot-actuator-autoconfigure-2.1.3.RELEASE.jar;D:\maven\MyRepository\org\springframework\boot\spring-boot-actuator\2.1.3.RELEASE\spring-boot-actuator-2.1.3.RELEASE.jar;D:\maven\MyRepository\io\micrometer\micrometer-core\1.1.3\micrometer-core-1.1.3.jar;D:\maven\MyRepository\org\hdrhistogram\HdrHistogram\2.1.9\HdrHistogram-2.1.9.jar;D:\maven\MyRepository\org\latencyutils\LatencyUtils\2.0.3\LatencyUtils-2.0.3.jar;D:\maven\MyRepository\com\auth0\java-jwt\3.9.0\java-jwt-3.9.0.jar;D:\maven\MyRepository\com\fasterxml\jackson\core\jackson-databind\2.9.8\jackson-databind-2.9.8.jar;D:\maven\MyRepository\com\fasterxml\jackson\core\jackson-annotations\2.9.0\jackson-annotations-2.9.0.jar;D:\maven\MyRepository\com\fasterxml\jackson\core\jackson-core\2.9.8\jackson-core-2.9.8.jar;D:\maven\MyRepository\com\alibaba\fastjson\1.2.62\fastjson-1.2.62.jar;"/>
    <property name="java.vm.vendor" value="Oracle Corporation"/>
    <property name="sun.arch.data.model" value="64"/>
    <property name="user.variant" value=""/>
    <property name="java.vendor.url" value="http://java.oracle.com/"/>
    <property name="user.timezone" value="Asia/Shanghai"/>
    <property name="java.vm.specification.version" value="1.8"/>
    <property name="os.name" value="Windows 10"/>
    <property name="user.country" value="CN"/>
    <property name="sun.java.launcher" value="SUN_STANDARD"/>
    <property name="sun.boot.library.path" value="C:\Program Files\Java\jdk1.8.0_261\jre\bin"/>
    <property name="sun.java.command" value="C:\Users\xgs\AppData\Local\Temp\surefire3078538698612690751\surefirebooter7644730514651677956.jar C:\Users\xgs\AppData\Local\Temp\surefire3078538698612690751 2021-03-01T21-26-14_736-jvmRun1 surefire3931772600307385945tmp surefire_0724647841823121807tmp"/>
    <property name="surefire.test.class.path" value="C:\Users\xgs\IdeaProjects\hotel_manage_system\target\test-classes;C:\Users\xgs\IdeaProjects\hotel_manage_system\target\classes;D:\maven\MyRepository\org\mockito\mockito-core\2.23.4\mockito-core-2.23.4.jar;D:\maven\MyRepository\net\bytebuddy\byte-buddy\1.9.10\byte-buddy-1.9.10.jar;D:\maven\MyRepository\net\bytebuddy\byte-buddy-agent\1.9.10\byte-buddy-agent-1.9.10.jar;D:\maven\MyRepository\org\objenesis\objenesis\2.6\objenesis-2.6.jar;D:\maven\MyRepository\org\springframework\boot\spring-boot-starter\2.1.3.RELEASE\spring-boot-starter-2.1.3.RELEASE.jar;D:\maven\MyRepository\org\springframework\boot\spring-boot\2.1.3.RELEASE\spring-boot-2.1.3.RELEASE.jar;D:\maven\MyRepository\org\springframework\spring-context\5.1.5.RELEASE\spring-context-5.1.5.RELEASE.jar;D:\maven\MyRepository\org\springframework\boot\spring-boot-autoconfigure\2.1.3.RELEASE\spring-boot-autoconfigure-2.1.3.RELEASE.jar;D:\maven\MyRepository\org\springframework\boot\spring-boot-starter-logging\2.1.3.RELEASE\spring-boot-starter-logging-2.1.3.RELEASE.jar;D:\maven\MyRepository\ch\qos\logback\logback-classic\1.2.3\logback-classic-1.2.3.jar;D:\maven\MyRepository\ch\qos\logback\logback-core\1.2.3\logback-core-1.2.3.jar;D:\maven\MyRepository\org\apache\logging\log4j\log4j-to-slf4j\2.11.2\log4j-to-slf4j-2.11.2.jar;D:\maven\MyRepository\org\apache\logging\log4j\log4j-api\2.11.2\log4j-api-2.11.2.jar;D:\maven\MyRepository\org\slf4j\jul-to-slf4j\1.7.25\jul-to-slf4j-1.7.25.jar;D:\maven\MyRepository\javax\annotation\javax.annotation-api\1.3.2\javax.annotation-api-1.3.2.jar;D:\maven\MyRepository\org\springframework\spring-core\5.1.5.RELEASE\spring-core-5.1.5.RELEASE.jar;D:\maven\MyRepository\org\springframework\spring-jcl\5.1.5.RELEASE\spring-jcl-5.1.5.RELEASE.jar;D:\maven\MyRepository\org\yaml\snakeyaml\1.23\snakeyaml-1.23.jar;D:\maven\MyRepository\org\springframework\boot\spring-boot-starter-web\2.1.3.RELEASE\spring-boot-starter-web-2.1.3.RELEASE.jar;D:\maven\MyRepository\org\springframework\boot\spring-boot-starter-json\2.1.3.RELEASE\spring-boot-starter-json-2.1.3.RELEASE.jar;D:\maven\MyRepository\com\fasterxml\jackson\datatype\jackson-datatype-jdk8\2.9.8\jackson-datatype-jdk8-2.9.8.jar;D:\maven\MyRepository\com\fasterxml\jackson\datatype\jackson-datatype-jsr310\2.9.8\jackson-datatype-jsr310-2.9.8.jar;D:\maven\MyRepository\com\fasterxml\jackson\module\jackson-module-parameter-names\2.9.8\jackson-module-parameter-names-2.9.8.jar;D:\maven\MyRepository\org\springframework\boot\spring-boot-starter-tomcat\2.1.3.RELEASE\spring-boot-starter-tomcat-2.1.3.RELEASE.jar;D:\maven\MyRepository\org\apache\tomcat\embed\tomcat-embed-core\9.0.16\tomcat-embed-core-9.0.16.jar;D:\maven\MyRepository\org\apache\tomcat\embed\tomcat-embed-el\9.0.16\tomcat-embed-el-9.0.16.jar;D:\maven\MyRepository\org\apache\tomcat\embed\tomcat-embed-websocket\9.0.16\tomcat-embed-websocket-9.0.16.jar;D:\maven\MyRepository\org\hibernate\validator\hibernate-validator\6.0.14.Final\hibernate-validator-6.0.14.Final.jar;D:\maven\MyRepository\javax\validation\validation-api\2.0.1.Final\validation-api-2.0.1.Final.jar;D:\maven\MyRepository\org\jboss\logging\jboss-logging\3.3.2.Final\jboss-logging-3.3.2.Final.jar;D:\maven\MyRepository\com\fasterxml\classmate\1.4.0\classmate-1.4.0.jar;D:\maven\MyRepository\org\springframework\spring-web\5.1.5.RELEASE\spring-web-5.1.5.RELEASE.jar;D:\maven\MyRepository\org\springframework\spring-beans\5.1.5.RELEASE\spring-beans-5.1.5.RELEASE.jar;D:\maven\MyRepository\org\springframework\spring-webmvc\5.1.5.RELEASE\spring-webmvc-5.1.5.RELEASE.jar;D:\maven\MyRepository\org\springframework\spring-aop\5.1.5.RELEASE\spring-aop-5.1.5.RELEASE.jar;D:\maven\MyRepository\org\springframework\spring-expression\5.1.5.RELEASE\spring-expression-5.1.5.RELEASE.jar;D:\maven\MyRepository\org\springframework\boot\spring-boot-starter-thymeleaf\2.1.3.RELEASE\spring-boot-starter-thymeleaf-2.1.3.RELEASE.jar;D:\maven\MyRepository\org\thymeleaf\thymeleaf-spring5\3.0.11.RELEASE\thymeleaf-spring5-3.0.11.RELEASE.jar;D:\maven\MyRepository\org\thymeleaf\thymeleaf\3.0.11.RELEASE\thymeleaf-3.0.11.RELEASE.jar;D:\maven\MyRepository\org\attoparser\attoparser\2.0.5.RELEASE\attoparser-2.0.5.RELEASE.jar;D:\maven\MyRepository\org\unbescape\unbescape\1.1.6.RELEASE\unbescape-1.1.6.RELEASE.jar;D:\maven\MyRepository\org\slf4j\slf4j-api\1.7.25\slf4j-api-1.7.25.jar;D:\maven\MyRepository\org\thymeleaf\extras\thymeleaf-extras-java8time\3.0.3.RELEASE\thymeleaf-extras-java8time-3.0.3.RELEASE.jar;D:\maven\MyRepository\net\sourceforge\nekohtml\nekohtml\1.9.18\nekohtml-1.9.18.jar;D:\maven\MyRepository\xerces\xercesImpl\2.10.0\xercesImpl-2.10.0.jar;D:\maven\MyRepository\xml-apis\xml-apis\1.4.01\xml-apis-1.4.01.jar;D:\maven\MyRepository\com\aliyun\oss\aliyun-sdk-oss\2.8.3\aliyun-sdk-oss-2.8.3.jar;D:\maven\MyRepository\org\apache\httpcomponents\httpclient\4.5.7\httpclient-4.5.7.jar;D:\maven\MyRepository\org\apache\httpcomponents\httpcore\4.4.11\httpcore-4.4.11.jar;D:\maven\MyRepository\org\jdom\jdom\1.1\jdom-1.1.jar;D:\maven\MyRepository\org\springframework\boot\spring-boot-devtools\2.1.3.RELEASE\spring-boot-devtools-2.1.3.RELEASE.jar;D:\maven\MyRepository\org\springframework\boot\spring-boot-starter-test\2.1.3.RELEASE\spring-boot-starter-test-2.1.3.RELEASE.jar;D:\maven\MyRepository\org\springframework\boot\spring-boot-test\2.1.3.RELEASE\spring-boot-test-2.1.3.RELEASE.jar;D:\maven\MyRepository\org\springframework\boot\spring-boot-test-autoconfigure\2.1.3.RELEASE\spring-boot-test-autoconfigure-2.1.3.RELEASE.jar;D:\maven\MyRepository\com\jayway\jsonpath\json-path\2.4.0\json-path-2.4.0.jar;D:\maven\MyRepository\net\minidev\json-smart\2.3\json-smart-2.3.jar;D:\maven\MyRepository\net\minidev\accessors-smart\1.2\accessors-smart-1.2.jar;D:\maven\MyRepository\org\ow2\asm\asm\5.0.4\asm-5.0.4.jar;D:\maven\MyRepository\junit\junit\4.12\junit-4.12.jar;D:\maven\MyRepository\org\assertj\assertj-core\3.11.1\assertj-core-3.11.1.jar;D:\maven\MyRepository\org\hamcrest\hamcrest-core\1.3\hamcrest-core-1.3.jar;D:\maven\MyRepository\org\hamcrest\hamcrest-library\1.3\hamcrest-library-1.3.jar;D:\maven\MyRepository\org\skyscreamer\jsonassert\1.5.0\jsonassert-1.5.0.jar;D:\maven\MyRepository\com\vaadin\external\google\android-json\0.0.20131108.vaadin1\android-json-0.0.20131108.vaadin1.jar;D:\maven\MyRepository\org\springframework\spring-test\5.1.5.RELEASE\spring-test-5.1.5.RELEASE.jar;D:\maven\MyRepository\org\xmlunit\xmlunit-core\2.6.2\xmlunit-core-2.6.2.jar;D:\maven\MyRepository\org\mybatis\spring\boot\mybatis-spring-boot-starter\2.1.0\mybatis-spring-boot-starter-2.1.0.jar;D:\maven\MyRepository\org\springframework\boot\spring-boot-starter-jdbc\2.1.3.RELEASE\spring-boot-starter-jdbc-2.1.3.RELEASE.jar;D:\maven\MyRepository\com\zaxxer\HikariCP\3.2.0\HikariCP-3.2.0.jar;D:\maven\MyRepository\org\springframework\spring-jdbc\5.1.5.RELEASE\spring-jdbc-5.1.5.RELEASE.jar;D:\maven\MyRepository\org\springframework\spring-tx\5.1.5.RELEASE\spring-tx-5.1.5.RELEASE.jar;D:\maven\MyRepository\org\mybatis\spring\boot\mybatis-spring-boot-autoconfigure\2.1.0\mybatis-spring-boot-autoconfigure-2.1.0.jar;D:\maven\MyRepository\org\mybatis\mybatis\3.5.2\mybatis-3.5.2.jar;D:\maven\MyRepository\org\mybatis\mybatis-spring\2.0.2\mybatis-spring-2.0.2.jar;D:\maven\MyRepository\mysql\mysql-connector-java\8.0.15\mysql-connector-java-8.0.15.jar;D:\maven\MyRepository\commons-fileupload\commons-fileupload\1.3.1\commons-fileupload-1.3.1.jar;D:\maven\MyRepository\commons-io\commons-io\2.4\commons-io-2.4.jar;D:\maven\MyRepository\commons-codec\commons-codec\1.9\commons-codec-1.9.jar;D:\maven\MyRepository\org\projectlombok\lombok\1.16.20\lombok-1.16.20.jar;D:\maven\MyRepository\org\springframework\boot\spring-boot-starter-actuator\2.1.3.RELEASE\spring-boot-starter-actuator-2.1.3.RELEASE.jar;D:\maven\MyRepository\org\springframework\boot\spring-boot-actuator-autoconfigure\2.1.3.RELEASE\spring-boot-actuator-autoconfigure-2.1.3.RELEASE.jar;D:\maven\MyRepository\org\springframework\boot\spring-boot-actuator\2.1.3.RELEASE\spring-boot-actuator-2.1.3.RELEASE.jar;D:\maven\MyRepository\io\micrometer\micrometer-core\1.1.3\micrometer-core-1.1.3.jar;D:\maven\MyRepository\org\hdrhistogram\HdrHistogram\2.1.9\HdrHistogram-2.1.9.jar;D:\maven\MyRepository\org\latencyutils\LatencyUtils\2.0.3\LatencyUtils-2.0.3.jar;D:\maven\MyRepository\com\auth0\java-jwt\3.9.0\java-jwt-3.9.0.jar;D:\maven\MyRepository\com\fasterxml\jackson\core\jackson-databind\2.9.8\jackson-databind-2.9.8.jar;D:\maven\MyRepository\com\fasterxml\jackson\core\jackson-annotations\2.9.0\jackson-annotations-2.9.0.jar;D:\maven\MyRepository\com\fasterxml\jackson\core\jackson-core\2.9.8\jackson-core-2.9.8.jar;D:\maven\MyRepository\com\alibaba\fastjson\1.2.62\fastjson-1.2.62.jar;"/>
    <property name="sun.cpu.endian" value="little"/>
    <property name="user.home" value="C:\Users\xgs"/>
    <property name="user.language" value="zh"/>
    <property name="java.specification.vendor" value="Oracle Corporation"/>
    <property name="java.home" value="C:\Program Files\Java\jdk1.8.0_261\jre"/>
    <property name="basedir" value="C:\Users\xgs\IdeaProjects\hotel_manage_system"/>
    <property name="file.separator" value="\"/>
    <property name="line.separator" value="&#10;"/>
    <property name="java.vm.specification.vendor" value="Oracle Corporation"/>
    <property name="java.specification.name" value="Java Platform API Specification"/>
    <property name="java.awt.graphicsenv" value="sun.awt.Win32GraphicsEnvironment"/>
    <property name="surefire.real.class.path" value="C:\Users\xgs\AppData\Local\Temp\surefire3078538698612690751\surefirebooter7644730514651677956.jar"/>
    <property name="sun.boot.class.path" value="C:\Program Files\Java\jdk1.8.0_261\jre\lib\resources.jar;C:\Program Files\Java\jdk1.8.0_261\jre\lib\rt.jar;C:\Program Files\Java\jdk1.8.0_261\jre\lib\sunrsasign.jar;C:\Program Files\Java\jdk1.8.0_261\jre\lib\jsse.jar;C:\Program Files\Java\jdk1.8.0_261\jre\lib\jce.jar;C:\Program Files\Java\jdk1.8.0_261\jre\lib\charsets.jar;C:\Program Files\Java\jdk1.8.0_261\jre\lib\jfr.jar;C:\Program Files\Java\jdk1.8.0_261\jre\classes"/>
    <property name="user.script" value=""/>
    <property name="sun.management.compiler" value="HotSpot 64-Bit Tiered Compilers"/>
    <property name="java.runtime.version" value="1.8.0_261-b12"/>
    <property name="user.name" value="xgs"/>
    <property name="path.separator" value=";"/>
    <property name="os.version" value="10.0"/>
    <property name="java.endorsed.dirs" value="C:\Program Files\Java\jdk1.8.0_261\jre\lib\endorsed"/>
    <property name="java.runtime.name" value="Java(TM) SE Runtime Environment"/>
    <property name="file.encoding" value="GBK"/>
    <property name="java.vm.name" value="Java HotSpot(TM) 64-Bit Server VM"/>
    <property name="localRepository" value="D:\maven\MyRepository"/>
    <property name="java.vendor.url.bug" value="http://bugreport.sun.com/bugreport/"/>
    <property name="java.io.tmpdir" value="C:\Users\xgs\AppData\Local\Temp\"/>
    <property name="idea.version" value="2020.2.4"/>
    <property name="java.version" value="1.8.0_261"/>
    <property name="user.dir" value="C:\Users\xgs\IdeaProjects\hotel_manage_system"/>
    <property name="os.arch" value="amd64"/>
    <property name="java.vm.specification.name" value="Java Virtual Machine Specification"/>
    <property name="java.awt.printerjob" value="sun.awt.windows.WPrinterJob"/>
    <property name="sun.os.patch.level" value=""/>
    <property name="java.library.path" value="C:\Program Files\Java\jdk1.8.0_261\jre\bin;C:\WINDOWS\Sun\Java\bin;C:\WINDOWS\system32;C:\WINDOWS;D:\Downloads\VM\bin\;C:\Program Files (x86)\Common Files\Intel\Shared Libraries\redist\intel64\compiler;C:\Program Files (x86)\Common Files\Oracle\Java\javapath;C:\Windows\system32;C:\Windows;C:\Windows\System32\Wbem;C:\Windows\System32\WindowsPowerShell\v1.0\;C:\Windows\System32\OpenSSH\;C:\Program Files (x86)\NVIDIA Corporation\PhysX\Common;C:\Program Files\NVIDIA Corporation\NVIDIA NvDLISR;C:\Program Files\Git\cmd;C:\Program Files\nodejs\;D:\workPrograms\mysql-8.0.20-winx64\bin;C:\WINDOWS\system32;C:\WINDOWS;C:\WINDOWS\System32\Wbem;C:\WINDOWS\System32\WindowsPowerShell\v1.0\;C:\WINDOWS\System32\OpenSSH\;C:\Program Files\ffmpeg-4.2.1-win64-static\bin;C:\Program Files\Java\jdk1.8.0_261\bin;C:\Users\xgs\AppData\Local\Android\Sdk\platform-tools;C:\Program Files (x86)\scala\bin;C:\Program Files (x86)\Tesseract-OCR;D:\maven\apache-maven-3.5.4\bin;C:\Users\xgs\AppData\Local\Programs\Python\Python38\Scripts\;C:\Users\xgs\AppData\Local\Programs\Python\Python38\;C:\Users\xgs\AppData\Local\Microsoft\WindowsApps;;D:\IDEA\IntelliJ IDEA Community Edition 2019.2.1\bin;;C:\Program Files\JetBrains\PyCharm Community Edition 2019.3.3\bin;;C:\Users\xgs\AppData\Roaming\npm;D:\Downloads\Tex\texlive\2020\bin\win32;C:\Program Files\JetBrains\PyCharm 2020.2.3\bin;;C:\Program Files\JetBrains\CLion 2020.2.4\bin;;C:\Program Files\JetBrains\IntelliJ IDEA 2020.2.4\bin;;."/>
    <property name="java.vm.info" value="mixed mode"/>
    <property name="java.vendor" value="Oracle Corporation"/>
    <property name="java.vm.version" value="25.261-b12"/>
    <property name="java.ext.dirs" value="C:\Program Files\Java\jdk1.8.0_261\jre\lib\ext;C:\WINDOWS\Sun\Java\lib\ext"/>
    <property name="sun.io.unicode.encoding" value="UnicodeLittle"/>
    <property name="maven.repo.local" value="D:\maven\MyRepository"/>
    <property name="java.class.version" value="52.0"/>
  </properties>
  <testcase name="testDeleteCoupon" classname="com.example.hotel.daoTest.couponTest.CouponMapperTest" time="0.01">
    <failure message="expected:&lt;1&gt; but was:&lt;0&gt;" type="junit.framework.AssertionFailedError"><![CDATA[junit.framework.AssertionFailedError: expected:<1> but was:<0>
	at com.example.hotel.daoTest.couponTest.CouponMapperTest.testDeleteCoupon(CouponMapperTest.java:31)
]]></failure>
    <system-out><![CDATA[2021-03-01 21:26:24.940  INFO 20092 --- [           main] .b.t.c.SpringBootTestContextBootstrapper : Neither @ContextConfiguration nor @ContextHierarchy found for test class [com.example.hotel.daoTest.couponTest.CouponMapperTest], using SpringBootContextLoader
2021-03-01 21:26:24.942  INFO 20092 --- [           main] o.s.t.c.support.AbstractContextLoader    : Could not detect default resource locations for test class [com.example.hotel.daoTest.couponTest.CouponMapperTest]: no resource found for suffixes {-context.xml, Context.groovy}.
2021-03-01 21:26:24.942  INFO 20092 --- [           main] t.c.s.AnnotationConfigContextLoaderUtils : Could not detect default configuration classes for test class [com.example.hotel.daoTest.couponTest.CouponMapperTest]: CouponMapperTest does not declare any static, non-private, non-final, nested classes annotated with @Configuration.
2021-03-01 21:26:24.962  INFO 20092 --- [           main] .b.t.c.SpringBootTestContextBootstrapper : Found @SpringBootConfiguration com.example.hotel.HotelApplication for test class com.example.hotel.daoTest.couponTest.CouponMapperTest
2021-03-01 21:26:24.962  INFO 20092 --- [           main] .b.t.c.SpringBootTestContextBootstrapper : Loaded default TestExecutionListener class names from location [META-INF/spring.factories]: [org.springframework.boot.test.mock.mockito.MockitoTestExecutionListener, org.springframework.boot.test.mock.mockito.ResetMocksTestExecutionListener, org.springframework.boot.test.autoconfigure.restdocs.RestDocsTestExecutionListener, org.springframework.boot.test.autoconfigure.web.client.MockRestServiceServerResetTestExecutionListener, org.springframework.boot.test.autoconfigure.web.servlet.MockMvcPrintOnlyOnFailureTestExecutionListener, org.springframework.boot.test.autoconfigure.web.servlet.WebDriverTestExecutionListener, org.springframework.test.context.web.ServletTestExecutionListener, org.springframework.test.context.support.DirtiesContextBeforeModesTestExecutionListener, org.springframework.test.context.support.DependencyInjectionTestExecutionListener, org.springframework.test.context.support.DirtiesContextTestExecutionListener, org.springframework.test.context.transaction.TransactionalTestExecutionListener, org.springframework.test.context.jdbc.SqlScriptsTestExecutionListener]
2021-03-01 21:26:24.962  INFO 20092 --- [           main] .b.t.c.SpringBootTestContextBootstrapper : Using TestExecutionListeners: [org.springframework.test.context.web.ServletTestExecutionListener@279126f5, org.springframework.test.context.support.DirtiesContextBeforeModesTestExecutionListener@7781263c, org.springframework.boot.test.mock.mockito.MockitoTestExecutionListener@5fdd97c1, org.springframework.boot.test.autoconfigure.SpringBootDependencyInjectionTestExecutionListener@3b5a19ed, org.springframework.test.context.support.DirtiesContextTestExecutionListener@15d236fd, org.springframework.test.context.transaction.TransactionalTestExecutionListener@6b9c42bd, org.springframework.test.context.jdbc.SqlScriptsTestExecutionListener@584ca390, org.springframework.boot.test.mock.mockito.ResetMocksTestExecutionListener@33324c05, org.springframework.boot.test.autoconfigure.restdocs.RestDocsTestExecutionListener@37d3e140, org.springframework.boot.test.autoconfigure.web.client.MockRestServiceServerResetTestExecutionListener@3e53c4ad, org.springframework.boot.test.autoconfigure.web.servlet.MockMvcPrintOnlyOnFailureTestExecutionListener@33eb0d4, org.springframework.boot.test.autoconfigure.web.servlet.WebDriverTestExecutionListener@224d86d2]
]]></system-out>
  </testcase>
  <testcase name="testInsertCoupon" classname="com.example.hotel.daoTest.couponTest.CouponMapperTest" time="0.009"/>
</testsuite>